<?xml version="1.0" encoding="UTF-8"?>
<testng-results ignored="0" total="1" passed="1" failed="0" skipped="0">
  <reporter-output>
  </reporter-output>
  <suite started-at="2022-09-22T23:09:10 PET" name="Default suite" finished-at="2022-09-22T23:10:05 PET" duration-ms="55596">
    <groups>
    </groups>
    <test started-at="2022-09-22T23:09:10 PET" name="Default test" finished-at="2022-09-22T23:10:05 PET" duration-ms="55596">
      <class name="com.madison.tests.ShopingTest">
        <test-method is-config="true" signature="setup()[pri:0, instance:com.madison.tests.ShopingTest@79e2c065]" started-at="2022-09-22T23:09:10 PET" name="setup" finished-at="2022-09-22T23:09:18 PET" duration-ms="7695" status="PASS">
          <reporter-output>
          </reporter-output>
        </test-method> <!-- setup -->
        <test-method signature="AddShopingCart1()[pri:1, instance:com.madison.tests.ShopingTest@79e2c065]" started-at="2022-09-22T23:09:18 PET" name="AddShopingCart1" finished-at="2022-09-22T23:10:05 PET" duration-ms="47609" status="PASS">
          <reporter-output>
          </reporter-output>
        </test-method> <!-- AddShopingCart1 -->
        <test-method is-config="true" signature="tearDown()[pri:0, instance:com.madison.tests.ShopingTest@79e2c065]" started-at="2022-09-22T23:10:05 PET" name="tearDown" finished-at="2022-09-22T23:10:05 PET" duration-ms="253" status="PASS">
          <reporter-output>
          </reporter-output>
        </test-method> <!-- tearDown -->
      </class> <!-- com.madison.tests.ShopingTest -->
    </test> <!-- Default test -->
  </suite> <!-- Default suite -->
</testng-results>
