<?xml version="1.0" encoding="UTF-8"?>
<testng-results ignored="0" total="1" passed="1" failed="0" skipped="0">
  <reporter-output>
  </reporter-output>
  <suite started-at="2022-09-20T20:01:59 PET" name="Default suite" finished-at="2022-09-20T20:01:59 PET" duration-ms="42">
    <groups>
    </groups>
    <test started-at="2022-09-20T20:01:59 PET" name="Default test" finished-at="2022-09-20T20:01:59 PET" duration-ms="42">
      <class name="com.maddinsson.SampleReport">
        <test-method is-config="true" signature="startReport()[pri:0, instance:com.maddinsson.SampleReport@6cf0e0ba]" started-at="2022-09-20T20:01:59 PET" name="startReport" finished-at="2022-09-20T20:01:59 PET" duration-ms="8" status="PASS">
          <reporter-output>
          </reporter-output>
        </test-method> <!-- startReport -->
        <test-method signature="test_1()[pri:0, instance:com.maddinsson.SampleReport@6cf0e0ba]" started-at="2022-09-20T20:01:59 PET" name="test_1" finished-at="2022-09-20T20:01:59 PET" duration-ms="5" status="PASS">
          <reporter-output>
          </reporter-output>
        </test-method> <!-- test_1 -->
        <test-method is-config="true" signature="tearDown()[pri:0, instance:com.maddinsson.SampleReport@6cf0e0ba]" started-at="2022-09-20T20:01:59 PET" name="tearDown" finished-at="2022-09-20T20:01:59 PET" duration-ms="1" status="PASS">
          <reporter-output>
          </reporter-output>
        </test-method> <!-- tearDown -->
      </class> <!-- com.maddinsson.SampleReport -->
    </test> <!-- Default test -->
  </suite> <!-- Default suite -->
</testng-results>
