<?xml version="1.0" encoding="UTF-8"?>
<testng-results ignored="0" total="1" passed="1" failed="0" skipped="0">
  <reporter-output>
  </reporter-output>
  <suite started-at="2022-09-18T18:38:22 PET" name="Default suite" finished-at="2022-09-18T18:38:58 PET" duration-ms="35169">
    <groups>
    </groups>
    <test started-at="2022-09-18T18:38:22 PET" name="Default test" finished-at="2022-09-18T18:38:58 PET" duration-ms="35169">
      <class name="com.madison.tests.RegistrarUserTest">
        <test-method is-config="true" signature="setup()[pri:0, instance:com.madison.tests.RegistrarUserTest@55183b20]" started-at="2022-09-18T18:38:22 PET" name="setup" finished-at="2022-09-18T18:38:45 PET" duration-ms="22608" status="PASS">
          <reporter-output>
          </reporter-output>
        </test-method> <!-- setup -->
        <test-method signature="testRegisterSuccess()[pri:0, instance:com.madison.tests.RegistrarUserTest@55183b20]" started-at="2022-09-18T18:38:45 PET" name="testRegisterSuccess" finished-at="2022-09-18T18:38:57 PET" duration-ms="12347" status="PASS">
          <reporter-output>
          </reporter-output>
        </test-method> <!-- testRegisterSuccess -->
        <test-method is-config="true" signature="tearDown()[pri:0, instance:com.madison.tests.RegistrarUserTest@55183b20]" started-at="2022-09-18T18:38:57 PET" name="tearDown" finished-at="2022-09-18T18:38:58 PET" duration-ms="184" status="PASS">
          <reporter-output>
          </reporter-output>
        </test-method> <!-- tearDown -->
      </class> <!-- com.madison.tests.RegistrarUserTest -->
    </test> <!-- Default test -->
  </suite> <!-- Default suite -->
</testng-results>
