<?xml version="1.0" encoding="UTF-8"?>
<testng-results ignored="0" total="1" passed="1" failed="0" skipped="0">
  <reporter-output>
  </reporter-output>
  <suite started-at="2022-09-20T10:25:53 PET" name="Default suite" finished-at="2022-09-20T10:26:09 PET" duration-ms="16625">
    <groups>
    </groups>
    <test started-at="2022-09-20T10:25:53 PET" name="Default test" finished-at="2022-09-20T10:26:09 PET" duration-ms="16625">
      <class name="com.madison.tests.RegistrarUserTest">
        <test-method is-config="true" signature="setup()[pri:0, instance:com.madison.tests.RegistrarUserTest@5b8dfcc1]" started-at="2022-09-20T10:25:53 PET" name="setup" finished-at="2022-09-20T10:25:59 PET" duration-ms="6157" status="PASS">
          <reporter-output>
          </reporter-output>
        </test-method> <!-- setup -->
        <test-method signature="testRegisterSuccess()[pri:0, instance:com.madison.tests.RegistrarUserTest@5b8dfcc1]" started-at="2022-09-20T10:25:59 PET" name="testRegisterSuccess" finished-at="2022-09-20T10:26:09 PET" duration-ms="10188" status="PASS">
          <reporter-output>
          </reporter-output>
        </test-method> <!-- testRegisterSuccess -->
        <test-method is-config="true" signature="tearDown()[pri:0, instance:com.madison.tests.RegistrarUserTest@5b8dfcc1]" started-at="2022-09-20T10:26:09 PET" name="tearDown" finished-at="2022-09-20T10:26:09 PET" duration-ms="249" status="PASS">
          <reporter-output>
          </reporter-output>
        </test-method> <!-- tearDown -->
      </class> <!-- com.madison.tests.RegistrarUserTest -->
    </test> <!-- Default test -->
  </suite> <!-- Default suite -->
</testng-results>
